0 info it worked if it ends with ok
1 verbose cli [ '/usr/local/bin/node', '/usr/local/bin/npm', 'run', 'test' ]
2 info using npm@3.3.4
3 info using node@v4.1.0
4 verbose run-script [ 'pretest', 'test', 'posttest' ]
5 info lifecycle lxissue@1.0.0~pretest: lxissue@1.0.0
6 silly lifecycle lxissue@1.0.0~pretest: no script for pretest, continuing
7 info lifecycle lxissue@1.0.0~test: lxissue@1.0.0
8 verbose lifecycle lxissue@1.0.0~test: unsafe-perm in lifecycle true
9 verbose lifecycle lxissue@1.0.0~test: PATH: /usr/local/lib/node_modules/npm/bin/node-gyp-bin:/Users/JustenBarget/FAC6/projects/w7/lxissue/node_modules/.bin:/usr/local/bin:/usr/bin:/bin:/usr/sbin:/sbin
10 verbose lifecycle lxissue@1.0.0~test: CWD: /Users/JustenBarget/FAC6/projects/w7/lxissue
11 silly lifecycle lxissue@1.0.0~test: Args: [ '-c', 'tape ./test/backendTest.js' ]
12 silly lifecycle lxissue@1.0.0~test: Returned: code: 1  signal: null
13 info lifecycle lxissue@1.0.0~test: Failed to exec test script
14 verbose stack Error: lxissue@1.0.0 test: `tape ./test/backendTest.js`
14 verbose stack Exit status 1
14 verbose stack     at EventEmitter.<anonymous> (/usr/local/lib/node_modules/npm/lib/utils/lifecycle.js:233:16)
14 verbose stack     at emitTwo (events.js:87:13)
14 verbose stack     at EventEmitter.emit (events.js:172:7)
14 verbose stack     at ChildProcess.<anonymous> (/usr/local/lib/node_modules/npm/lib/utils/spawn.js:24:14)
14 verbose stack     at emitTwo (events.js:87:13)
14 verbose stack     at ChildProcess.emit (events.js:172:7)
14 verbose stack     at maybeClose (internal/child_process.js:817:16)
14 verbose stack     at Process.ChildProcess._handle.onexit (internal/child_process.js:211:5)
15 verbose pkgid lxissue@1.0.0
16 verbose cwd /Users/JustenBarget/FAC6/projects/w7/lxissue
17 error Darwin 15.0.0
18 error argv "/usr/local/bin/node" "/usr/local/bin/npm" "run" "test"
19 error node v4.1.0
20 error npm  v3.3.4
21 error code ELIFECYCLE
22 error lxissue@1.0.0 test: `tape ./test/backendTest.js`
22 error Exit status 1
23 error Failed at the lxissue@1.0.0 test script 'tape ./test/backendTest.js'.
23 error This is most likely a problem with the lxissue package,
23 error not with npm itself.
23 error Tell the author that this fails on your system:
23 error     tape ./test/backendTest.js
23 error You can get their info via:
23 error     npm owner ls lxissue
23 error There is likely additional logging output above.
24 verbose exit [ 1, true ]
